Arguments: 
  C:\Program Files\nodejs\node.exe C:\Program Files\nodejs\node_modules\yarn\bin\yarn.js run test

PATH: 
  C:\Users\53524\protoc\bin;C:\Users\53524\go\bin;C:\Program Files\Git\usr\local\bin\go\bin;C:\Users\53524\bin;C:\Program Files\Git\mingw64\bin;C:\Program Files\Git\usr\local\bin;C:\Program Files\Git\usr\bin;C:\Program Files\Git\usr\bin;C:\Program Files\Git\mingw64\bin;C:\Program Files\Git\usr\bin;C:\Users\53524\bin;C:\Program Files\NVIDIA GPU Computing Toolkit\CUDA\v12.1\bin;C:\Program Files\NVIDIA GPU Computing Toolkit\CUDA\v12.1\libnvvp;C:\Program Files\Microsoft\jdk-11.0.18.10-hotspot\bin;C:\Program Files (x86)\Common Files\Intel\Shared Libraries\redist\intel64\compiler;C:\windows\system32;C:\windows;C:\windows\System32\Wbem;C:\windows\System32\WindowsPowerShell\v1.0;C:\windows\System32\OpenSSH;C:\Program Files (x86)\NVIDIA Corporation\PhysX\Common;C:\Program Files\NVIDIA Corporation\NVIDIA NvDLISR;C:\Users\53524\AppData\Roaming\nvm;C:\Program Files\nodejs;C:\Program Files\Git\cmd;C:\ProgramData\chocolatey\bin;C:\Users\53524\AppData\Local\Android\Sdk\platform-tools;C:\Program Files\Docker\Docker\resources\bin;C:\Program Files\Microsoft SQL Server\150\Tools\Binn;C:\Program Files\Microsoft SQL Server\Client SDK\ODBC\170\Tools\Binn;C:\Program Files\dotnet;C:\Program Files\NVIDIA Corporation\Nsight Compute 2023.1.1;C:\Users\53524\AppData\Local\Microsoft\WindowsApps;C:\Users\53524\AppData\Roaming\nvm;C:\Program Files\nodejs;C:\Users\53524\AppData\Local\Programs\Microsoft VS Code\bin;C:\Users\53524\.dotnet\tools;C:\Program Files\Git\usr\bin\vendor_perl;C:\Program Files\Git\usr\bin\core_perl;C:\Users\53524\bin\win-sudo\s

Yarn version: 
  1.22.19

Node version: 
  18.16.0

Platform: 
  win32 x64

Trace: 
  SyntaxError: C:\Users\53524\code\Iotacat-SDK\packages\client\package.json: Unexpected string in JSON at position 498
      at JSON.parse (<anonymous>)
      at C:\Users\53524\AppData\Roaming\nvm\v18.16.0\node_modules\yarn\lib\cli.js:1629:59
      at Generator.next (<anonymous>)
      at step (C:\Users\53524\AppData\Roaming\nvm\v18.16.0\node_modules\yarn\lib\cli.js:310:30)
      at C:\Users\53524\AppData\Roaming\nvm\v18.16.0\node_modules\yarn\lib\cli.js:321:13

npm manifest: 
  {
    "name": "iotacat-sdk-client",
    "version": "0.0.1",
    "main": "dist/index.es.js",
    "types": "dist/types/index.d.ts",
    "type": "module",
    "browser": "dist/index.min.js",
    "module": "dist/index.es.js",
    "moduleNameIife": "iotacatclient",
    "scripts": {
      "clean": "rimraf dist",
      "build:type": "tsc",
      "build:source": "rollup --config rollup.config.mjs",
      "build": "yarn run clean && yarn run build:type && yarn run build:source",
      "lint": "eslint src --fix --ext .ts,.js"
      "test": "jest"
    },
    "repository": {
      "type": "git",
      "url": "https://github.com/TanglePay/TanglePay-SDK.git"
    },
    "keywords": [
      "eip-1193",
      "ethereum-provider",
      "TanglePay",
      "Dapp",
      "Iota",
      "wallet"
    ],
    "author": "TanglePay",
    "license": "Apache-2.0",
    "bugs": {
      "url": "https://github.com/TanglePay/TanglePay-SDK/issues"
    },
    "homepage": "https://github.com/TanglePay/TanglePay-SDK#readme",
    "dependencies": {
      "@iota/crypto.js": "^2.0.0-rc.2",
      "@iota/iota.js": "^2.0.0-rc.4",
      "@iota/pow-browser.js": "next",
      "@iota/util.js": "^2.0.0-rc.2",
      "iotacat-sdk-core": "^0.0.1"
    }
  }

yarn manifest: 
  No manifest

Lockfile: 
  No lockfile
